   1               		.file	"font.c"
   2               	__SP_H__ = 0x3e
   3               	__SP_L__ = 0x3d
   4               	__SREG__ = 0x3f
   5               	__tmp_reg__ = 0
   6               	__zero_reg__ = 1
   7               		.text
   8               	.Ltext0:
   9               		.cfi_sections	.debug_frame
  10               	.global	special_char
  11               		.section	.progmem.data.special_char,"a",@progbits
  14               	special_char:
  15 0000 BC        		.byte	-68
  16 0001 5F        		.byte	95
  17 0002 9C        		.byte	-100
  18 0003 60        		.byte	96
  19 0004 A4        		.byte	-92
  20 0005 61        		.byte	97
  21 0006 84        		.byte	-124
  22 0007 62        		.byte	98
  23 0008 B6        		.byte	-74
  24 0009 63        		.byte	99
  25 000a 96        		.byte	-106
  26 000b 64        		.byte	100
  27 000c B0        		.byte	-80
  28 000d 65        		.byte	101
  29 000e 9F        		.byte	-97
  30 000f 66        		.byte	102
  31 0010 B5        		.byte	-75
  32 0011 67        		.byte	103
  33 0012 FF        		.byte	-1
  34 0013 FF        		.byte	-1
  35               	.global	ssd1306oled_font
  36               		.section	.progmem.data.ssd1306oled_font,"a",@progbits
  39               	ssd1306oled_font:
  40 0000 00        		.byte	0
  41 0001 00        		.byte	0
  42 0002 00        		.byte	0
  43 0003 00        		.byte	0
  44 0004 00        		.byte	0
  45 0005 00        		.byte	0
  46 0006 00        		.byte	0
  47 0007 00        		.byte	0
  48 0008 00        		.byte	0
  49 0009 2F        		.byte	47
  50 000a 00        		.byte	0
  51 000b 00        		.byte	0
  52 000c 00        		.byte	0
  53 000d 00        		.byte	0
  54 000e 07        		.byte	7
  55 000f 00        		.byte	0
  56 0010 07        		.byte	7
  57 0011 00        		.byte	0
  58 0012 00        		.byte	0
  59 0013 14        		.byte	20
  60 0014 7F        		.byte	127
  61 0015 14        		.byte	20
  62 0016 7F        		.byte	127
  63 0017 14        		.byte	20
  64 0018 00        		.byte	0
  65 0019 24        		.byte	36
  66 001a 2A        		.byte	42
  67 001b 7F        		.byte	127
  68 001c 2A        		.byte	42
  69 001d 12        		.byte	18
  70 001e 00        		.byte	0
  71 001f 62        		.byte	98
  72 0020 64        		.byte	100
  73 0021 08        		.byte	8
  74 0022 13        		.byte	19
  75 0023 23        		.byte	35
  76 0024 00        		.byte	0
  77 0025 36        		.byte	54
  78 0026 49        		.byte	73
  79 0027 55        		.byte	85
  80 0028 22        		.byte	34
  81 0029 50        		.byte	80
  82 002a 00        		.byte	0
  83 002b 00        		.byte	0
  84 002c 05        		.byte	5
  85 002d 03        		.byte	3
  86 002e 00        		.byte	0
  87 002f 00        		.byte	0
  88 0030 00        		.byte	0
  89 0031 00        		.byte	0
  90 0032 1C        		.byte	28
  91 0033 22        		.byte	34
  92 0034 41        		.byte	65
  93 0035 00        		.byte	0
  94 0036 00        		.byte	0
  95 0037 00        		.byte	0
  96 0038 41        		.byte	65
  97 0039 22        		.byte	34
  98 003a 1C        		.byte	28
  99 003b 00        		.byte	0
 100 003c 00        		.byte	0
 101 003d 14        		.byte	20
 102 003e 08        		.byte	8
 103 003f 3E        		.byte	62
 104 0040 08        		.byte	8
 105 0041 14        		.byte	20
 106 0042 00        		.byte	0
 107 0043 08        		.byte	8
 108 0044 08        		.byte	8
 109 0045 3E        		.byte	62
 110 0046 08        		.byte	8
 111 0047 08        		.byte	8
 112 0048 00        		.byte	0
 113 0049 00        		.byte	0
 114 004a 00        		.byte	0
 115 004b A0        		.byte	-96
 116 004c 60        		.byte	96
 117 004d 00        		.byte	0
 118 004e 00        		.byte	0
 119 004f 08        		.byte	8
 120 0050 08        		.byte	8
 121 0051 08        		.byte	8
 122 0052 08        		.byte	8
 123 0053 08        		.byte	8
 124 0054 00        		.byte	0
 125 0055 00        		.byte	0
 126 0056 60        		.byte	96
 127 0057 60        		.byte	96
 128 0058 00        		.byte	0
 129 0059 00        		.byte	0
 130 005a 00        		.byte	0
 131 005b 20        		.byte	32
 132 005c 10        		.byte	16
 133 005d 08        		.byte	8
 134 005e 04        		.byte	4
 135 005f 02        		.byte	2
 136 0060 00        		.byte	0
 137 0061 3E        		.byte	62
 138 0062 51        		.byte	81
 139 0063 49        		.byte	73
 140 0064 45        		.byte	69
 141 0065 3E        		.byte	62
 142 0066 00        		.byte	0
 143 0067 00        		.byte	0
 144 0068 42        		.byte	66
 145 0069 7F        		.byte	127
 146 006a 40        		.byte	64
 147 006b 00        		.byte	0
 148 006c 00        		.byte	0
 149 006d 42        		.byte	66
 150 006e 61        		.byte	97
 151 006f 51        		.byte	81
 152 0070 49        		.byte	73
 153 0071 46        		.byte	70
 154 0072 00        		.byte	0
 155 0073 21        		.byte	33
 156 0074 41        		.byte	65
 157 0075 45        		.byte	69
 158 0076 4B        		.byte	75
 159 0077 31        		.byte	49
 160 0078 00        		.byte	0
 161 0079 18        		.byte	24
 162 007a 14        		.byte	20
 163 007b 12        		.byte	18
 164 007c 7F        		.byte	127
 165 007d 10        		.byte	16
 166 007e 00        		.byte	0
 167 007f 27        		.byte	39
 168 0080 45        		.byte	69
 169 0081 45        		.byte	69
 170 0082 45        		.byte	69
 171 0083 39        		.byte	57
 172 0084 00        		.byte	0
 173 0085 3C        		.byte	60
 174 0086 4A        		.byte	74
 175 0087 49        		.byte	73
 176 0088 49        		.byte	73
 177 0089 30        		.byte	48
 178 008a 00        		.byte	0
 179 008b 01        		.byte	1
 180 008c 71        		.byte	113
 181 008d 09        		.byte	9
 182 008e 05        		.byte	5
 183 008f 03        		.byte	3
 184 0090 00        		.byte	0
 185 0091 36        		.byte	54
 186 0092 49        		.byte	73
 187 0093 49        		.byte	73
 188 0094 49        		.byte	73
 189 0095 36        		.byte	54
 190 0096 00        		.byte	0
 191 0097 06        		.byte	6
 192 0098 49        		.byte	73
 193 0099 49        		.byte	73
 194 009a 29        		.byte	41
 195 009b 1E        		.byte	30
 196 009c 00        		.byte	0
 197 009d 00        		.byte	0
 198 009e 36        		.byte	54
 199 009f 36        		.byte	54
 200 00a0 00        		.byte	0
 201 00a1 00        		.byte	0
 202 00a2 00        		.byte	0
 203 00a3 00        		.byte	0
 204 00a4 56        		.byte	86
 205 00a5 36        		.byte	54
 206 00a6 00        		.byte	0
 207 00a7 00        		.byte	0
 208 00a8 00        		.byte	0
 209 00a9 08        		.byte	8
 210 00aa 14        		.byte	20
 211 00ab 22        		.byte	34
 212 00ac 41        		.byte	65
 213 00ad 00        		.byte	0
 214 00ae 00        		.byte	0
 215 00af 14        		.byte	20
 216 00b0 14        		.byte	20
 217 00b1 14        		.byte	20
 218 00b2 14        		.byte	20
 219 00b3 14        		.byte	20
 220 00b4 00        		.byte	0
 221 00b5 00        		.byte	0
 222 00b6 41        		.byte	65
 223 00b7 22        		.byte	34
 224 00b8 14        		.byte	20
 225 00b9 08        		.byte	8
 226 00ba 00        		.byte	0
 227 00bb 02        		.byte	2
 228 00bc 01        		.byte	1
 229 00bd 51        		.byte	81
 230 00be 09        		.byte	9
 231 00bf 06        		.byte	6
 232 00c0 00        		.byte	0
 233 00c1 32        		.byte	50
 234 00c2 49        		.byte	73
 235 00c3 59        		.byte	89
 236 00c4 51        		.byte	81
 237 00c5 3E        		.byte	62
 238 00c6 00        		.byte	0
 239 00c7 7C        		.byte	124
 240 00c8 12        		.byte	18
 241 00c9 11        		.byte	17
 242 00ca 12        		.byte	18
 243 00cb 7C        		.byte	124
 244 00cc 00        		.byte	0
 245 00cd 7F        		.byte	127
 246 00ce 49        		.byte	73
 247 00cf 49        		.byte	73
 248 00d0 49        		.byte	73
 249 00d1 36        		.byte	54
 250 00d2 00        		.byte	0
 251 00d3 3E        		.byte	62
 252 00d4 41        		.byte	65
 253 00d5 41        		.byte	65
 254 00d6 41        		.byte	65
 255 00d7 22        		.byte	34
 256 00d8 00        		.byte	0
 257 00d9 7F        		.byte	127
 258 00da 41        		.byte	65
 259 00db 41        		.byte	65
 260 00dc 22        		.byte	34
 261 00dd 1C        		.byte	28
 262 00de 00        		.byte	0
 263 00df 7F        		.byte	127
 264 00e0 49        		.byte	73
 265 00e1 49        		.byte	73
 266 00e2 49        		.byte	73
 267 00e3 41        		.byte	65
 268 00e4 00        		.byte	0
 269 00e5 7F        		.byte	127
 270 00e6 09        		.byte	9
 271 00e7 09        		.byte	9
 272 00e8 09        		.byte	9
 273 00e9 01        		.byte	1
 274 00ea 00        		.byte	0
 275 00eb 3E        		.byte	62
 276 00ec 41        		.byte	65
 277 00ed 49        		.byte	73
 278 00ee 49        		.byte	73
 279 00ef 7A        		.byte	122
 280 00f0 00        		.byte	0
 281 00f1 7F        		.byte	127
 282 00f2 08        		.byte	8
 283 00f3 08        		.byte	8
 284 00f4 08        		.byte	8
 285 00f5 7F        		.byte	127
 286 00f6 00        		.byte	0
 287 00f7 00        		.byte	0
 288 00f8 41        		.byte	65
 289 00f9 7F        		.byte	127
 290 00fa 41        		.byte	65
 291 00fb 00        		.byte	0
 292 00fc 00        		.byte	0
 293 00fd 20        		.byte	32
 294 00fe 40        		.byte	64
 295 00ff 41        		.byte	65
 296 0100 3F        		.byte	63
 297 0101 01        		.byte	1
 298 0102 00        		.byte	0
 299 0103 7F        		.byte	127
 300 0104 08        		.byte	8
 301 0105 14        		.byte	20
 302 0106 22        		.byte	34
 303 0107 41        		.byte	65
 304 0108 00        		.byte	0
 305 0109 7F        		.byte	127
 306 010a 40        		.byte	64
 307 010b 40        		.byte	64
 308 010c 40        		.byte	64
 309 010d 40        		.byte	64
 310 010e 00        		.byte	0
 311 010f 7F        		.byte	127
 312 0110 02        		.byte	2
 313 0111 0C        		.byte	12
 314 0112 02        		.byte	2
 315 0113 7F        		.byte	127
 316 0114 00        		.byte	0
 317 0115 7F        		.byte	127
 318 0116 04        		.byte	4
 319 0117 08        		.byte	8
 320 0118 10        		.byte	16
 321 0119 7F        		.byte	127
 322 011a 00        		.byte	0
 323 011b 3E        		.byte	62
 324 011c 41        		.byte	65
 325 011d 41        		.byte	65
 326 011e 41        		.byte	65
 327 011f 3E        		.byte	62
 328 0120 00        		.byte	0
 329 0121 7F        		.byte	127
 330 0122 09        		.byte	9
 331 0123 09        		.byte	9
 332 0124 09        		.byte	9
 333 0125 06        		.byte	6
 334 0126 00        		.byte	0
 335 0127 3E        		.byte	62
 336 0128 41        		.byte	65
 337 0129 51        		.byte	81
 338 012a 21        		.byte	33
 339 012b 5E        		.byte	94
 340 012c 00        		.byte	0
 341 012d 7F        		.byte	127
 342 012e 09        		.byte	9
 343 012f 19        		.byte	25
 344 0130 29        		.byte	41
 345 0131 46        		.byte	70
 346 0132 00        		.byte	0
 347 0133 46        		.byte	70
 348 0134 49        		.byte	73
 349 0135 49        		.byte	73
 350 0136 49        		.byte	73
 351 0137 31        		.byte	49
 352 0138 00        		.byte	0
 353 0139 01        		.byte	1
 354 013a 01        		.byte	1
 355 013b 7F        		.byte	127
 356 013c 01        		.byte	1
 357 013d 01        		.byte	1
 358 013e 00        		.byte	0
 359 013f 3F        		.byte	63
 360 0140 40        		.byte	64
 361 0141 40        		.byte	64
 362 0142 40        		.byte	64
 363 0143 3F        		.byte	63
 364 0144 00        		.byte	0
 365 0145 1F        		.byte	31
 366 0146 20        		.byte	32
 367 0147 40        		.byte	64
 368 0148 20        		.byte	32
 369 0149 1F        		.byte	31
 370 014a 00        		.byte	0
 371 014b 3F        		.byte	63
 372 014c 40        		.byte	64
 373 014d 38        		.byte	56
 374 014e 40        		.byte	64
 375 014f 3F        		.byte	63
 376 0150 00        		.byte	0
 377 0151 63        		.byte	99
 378 0152 14        		.byte	20
 379 0153 08        		.byte	8
 380 0154 14        		.byte	20
 381 0155 63        		.byte	99
 382 0156 00        		.byte	0
 383 0157 07        		.byte	7
 384 0158 08        		.byte	8
 385 0159 70        		.byte	112
 386 015a 08        		.byte	8
 387 015b 07        		.byte	7
 388 015c 00        		.byte	0
 389 015d 61        		.byte	97
 390 015e 51        		.byte	81
 391 015f 49        		.byte	73
 392 0160 45        		.byte	69
 393 0161 43        		.byte	67
 394 0162 00        		.byte	0
 395 0163 00        		.byte	0
 396 0164 7F        		.byte	127
 397 0165 41        		.byte	65
 398 0166 41        		.byte	65
 399 0167 00        		.byte	0
 400 0168 00        		.byte	0
 401 0169 55        		.byte	85
 402 016a 2A        		.byte	42
 403 016b 55        		.byte	85
 404 016c 2A        		.byte	42
 405 016d 55        		.byte	85
 406 016e 00        		.byte	0
 407 016f 00        		.byte	0
 408 0170 41        		.byte	65
 409 0171 41        		.byte	65
 410 0172 7F        		.byte	127
 411 0173 00        		.byte	0
 412 0174 00        		.byte	0
 413 0175 04        		.byte	4
 414 0176 02        		.byte	2
 415 0177 01        		.byte	1
 416 0178 02        		.byte	2
 417 0179 04        		.byte	4
 418 017a 00        		.byte	0
 419 017b 40        		.byte	64
 420 017c 40        		.byte	64
 421 017d 40        		.byte	64
 422 017e 40        		.byte	64
 423 017f 40        		.byte	64
 424 0180 00        		.byte	0
 425 0181 00        		.byte	0
 426 0182 01        		.byte	1
 427 0183 02        		.byte	2
 428 0184 04        		.byte	4
 429 0185 00        		.byte	0
 430 0186 00        		.byte	0
 431 0187 20        		.byte	32
 432 0188 54        		.byte	84
 433 0189 54        		.byte	84
 434 018a 54        		.byte	84
 435 018b 78        		.byte	120
 436 018c 00        		.byte	0
 437 018d 7F        		.byte	127
 438 018e 48        		.byte	72
 439 018f 44        		.byte	68
 440 0190 44        		.byte	68
 441 0191 38        		.byte	56
 442 0192 00        		.byte	0
 443 0193 38        		.byte	56
 444 0194 44        		.byte	68
 445 0195 44        		.byte	68
 446 0196 44        		.byte	68
 447 0197 20        		.byte	32
 448 0198 00        		.byte	0
 449 0199 38        		.byte	56
 450 019a 44        		.byte	68
 451 019b 44        		.byte	68
 452 019c 48        		.byte	72
 453 019d 7F        		.byte	127
 454 019e 00        		.byte	0
 455 019f 38        		.byte	56
 456 01a0 54        		.byte	84
 457 01a1 54        		.byte	84
 458 01a2 54        		.byte	84
 459 01a3 18        		.byte	24
 460 01a4 00        		.byte	0
 461 01a5 08        		.byte	8
 462 01a6 7E        		.byte	126
 463 01a7 09        		.byte	9
 464 01a8 01        		.byte	1
 465 01a9 02        		.byte	2
 466 01aa 00        		.byte	0
 467 01ab 18        		.byte	24
 468 01ac A4        		.byte	-92
 469 01ad A4        		.byte	-92
 470 01ae A4        		.byte	-92
 471 01af 7C        		.byte	124
 472 01b0 00        		.byte	0
 473 01b1 7F        		.byte	127
 474 01b2 08        		.byte	8
 475 01b3 04        		.byte	4
 476 01b4 04        		.byte	4
 477 01b5 78        		.byte	120
 478 01b6 00        		.byte	0
 479 01b7 00        		.byte	0
 480 01b8 44        		.byte	68
 481 01b9 7D        		.byte	125
 482 01ba 40        		.byte	64
 483 01bb 00        		.byte	0
 484 01bc 00        		.byte	0
 485 01bd 40        		.byte	64
 486 01be 80        		.byte	-128
 487 01bf 84        		.byte	-124
 488 01c0 7D        		.byte	125
 489 01c1 00        		.byte	0
 490 01c2 00        		.byte	0
 491 01c3 7F        		.byte	127
 492 01c4 10        		.byte	16
 493 01c5 28        		.byte	40
 494 01c6 44        		.byte	68
 495 01c7 00        		.byte	0
 496 01c8 00        		.byte	0
 497 01c9 00        		.byte	0
 498 01ca 41        		.byte	65
 499 01cb 7F        		.byte	127
 500 01cc 40        		.byte	64
 501 01cd 00        		.byte	0
 502 01ce 00        		.byte	0
 503 01cf 7C        		.byte	124
 504 01d0 04        		.byte	4
 505 01d1 18        		.byte	24
 506 01d2 04        		.byte	4
 507 01d3 78        		.byte	120
 508 01d4 00        		.byte	0
 509 01d5 7C        		.byte	124
 510 01d6 08        		.byte	8
 511 01d7 04        		.byte	4
 512 01d8 04        		.byte	4
 513 01d9 78        		.byte	120
 514 01da 00        		.byte	0
 515 01db 38        		.byte	56
 516 01dc 44        		.byte	68
 517 01dd 44        		.byte	68
 518 01de 44        		.byte	68
 519 01df 38        		.byte	56
 520 01e0 00        		.byte	0
 521 01e1 FC        		.byte	-4
 522 01e2 24        		.byte	36
 523 01e3 24        		.byte	36
 524 01e4 24        		.byte	36
 525 01e5 18        		.byte	24
 526 01e6 00        		.byte	0
 527 01e7 18        		.byte	24
 528 01e8 24        		.byte	36
 529 01e9 24        		.byte	36
 530 01ea 18        		.byte	24
 531 01eb FC        		.byte	-4
 532 01ec 00        		.byte	0
 533 01ed 7C        		.byte	124
 534 01ee 08        		.byte	8
 535 01ef 04        		.byte	4
 536 01f0 04        		.byte	4
 537 01f1 08        		.byte	8
 538 01f2 00        		.byte	0
 539 01f3 48        		.byte	72
 540 01f4 54        		.byte	84
 541 01f5 54        		.byte	84
 542 01f6 54        		.byte	84
 543 01f7 20        		.byte	32
 544 01f8 00        		.byte	0
 545 01f9 04        		.byte	4
 546 01fa 3F        		.byte	63
 547 01fb 44        		.byte	68
 548 01fc 40        		.byte	64
 549 01fd 20        		.byte	32
 550 01fe 00        		.byte	0
 551 01ff 3C        		.byte	60
 552 0200 40        		.byte	64
 553 0201 40        		.byte	64
 554 0202 20        		.byte	32
 555 0203 7C        		.byte	124
 556 0204 00        		.byte	0
 557 0205 1C        		.byte	28
 558 0206 20        		.byte	32
 559 0207 40        		.byte	64
 560 0208 20        		.byte	32
 561 0209 1C        		.byte	28
 562 020a 00        		.byte	0
 563 020b 3C        		.byte	60
 564 020c 40        		.byte	64
 565 020d 30        		.byte	48
 566 020e 40        		.byte	64
 567 020f 3C        		.byte	60
 568 0210 00        		.byte	0
 569 0211 44        		.byte	68
 570 0212 28        		.byte	40
 571 0213 10        		.byte	16
 572 0214 28        		.byte	40
 573 0215 44        		.byte	68
 574 0216 00        		.byte	0
 575 0217 1C        		.byte	28
 576 0218 A0        		.byte	-96
 577 0219 A0        		.byte	-96
 578 021a A0        		.byte	-96
 579 021b 7C        		.byte	124
 580 021c 00        		.byte	0
 581 021d 44        		.byte	68
 582 021e 64        		.byte	100
 583 021f 54        		.byte	84
 584 0220 4C        		.byte	76
 585 0221 44        		.byte	68
 586 0222 00        		.byte	0
 587 0223 00        		.byte	0
 588 0224 08        		.byte	8
 589 0225 77        		.byte	119
 590 0226 41        		.byte	65
 591 0227 00        		.byte	0
 592 0228 00        		.byte	0
 593 0229 00        		.byte	0
 594 022a 00        		.byte	0
 595 022b 63        		.byte	99
 596 022c 00        		.byte	0
 597 022d 00        		.byte	0
 598 022e 00        		.byte	0
 599 022f 00        		.byte	0
 600 0230 41        		.byte	65
 601 0231 77        		.byte	119
 602 0232 08        		.byte	8
 603 0233 00        		.byte	0
 604 0234 00        		.byte	0
 605 0235 08        		.byte	8
 606 0236 04        		.byte	4
 607 0237 08        		.byte	8
 608 0238 08        		.byte	8
 609 0239 04        		.byte	4
 610 023a 00        		.byte	0
 611 023b 3A        		.byte	58
 612 023c 40        		.byte	64
 613 023d 40        		.byte	64
 614 023e 20        		.byte	32
 615 023f 7A        		.byte	122
 616 0240 00        		.byte	0
 617 0241 3D        		.byte	61
 618 0242 40        		.byte	64
 619 0243 40        		.byte	64
 620 0244 40        		.byte	64
 621 0245 3D        		.byte	61
 622 0246 00        		.byte	0
 623 0247 21        		.byte	33
 624 0248 54        		.byte	84
 625 0249 54        		.byte	84
 626 024a 54        		.byte	84
 627 024b 79        		.byte	121
 628 024c 00        		.byte	0
 629 024d 7D        		.byte	125
 630 024e 12        		.byte	18
 631 024f 11        		.byte	17
 632 0250 12        		.byte	18
 633 0251 7D        		.byte	125
 634 0252 00        		.byte	0
 635 0253 39        		.byte	57
 636 0254 44        		.byte	68
 637 0255 44        		.byte	68
 638 0256 44        		.byte	68
 639 0257 39        		.byte	57
 640 0258 00        		.byte	0
 641 0259 3D        		.byte	61
 642 025a 42        		.byte	66
 643 025b 42        		.byte	66
 644 025c 42        		.byte	66
 645 025d 3D        		.byte	61
 646 025e 00        		.byte	0
 647 025f 02        		.byte	2
 648 0260 05        		.byte	5
 649 0261 02        		.byte	2
 650 0262 00        		.byte	0
 651 0263 00        		.byte	0
 652 0264 00        		.byte	0
 653 0265 7E        		.byte	126
 654 0266 01        		.byte	1
 655 0267 49        		.byte	73
 656 0268 55        		.byte	85
 657 0269 73        		.byte	115
 658 026a 00        		.byte	0
 659 026b 7C        		.byte	124
 660 026c 10        		.byte	16
 661 026d 10        		.byte	16
 662 026e 08        		.byte	8
 663 026f 1C        		.byte	28
 664               		.text
 665               	.Letext0:
 666               		.file 1 "font.h"
 667               		.file 2 "font.c"
DEFINED SYMBOLS
                            *ABS*:0000000000000000 font.c
     /tmp/ccfd39WT.s:2      *ABS*:000000000000003e __SP_H__
     /tmp/ccfd39WT.s:3      *ABS*:000000000000003d __SP_L__
     /tmp/ccfd39WT.s:4      *ABS*:000000000000003f __SREG__
     /tmp/ccfd39WT.s:5      *ABS*:0000000000000000 __tmp_reg__
     /tmp/ccfd39WT.s:6      *ABS*:0000000000000001 __zero_reg__
     /tmp/ccfd39WT.s:14     .progmem.data.special_char:0000000000000000 special_char
     /tmp/ccfd39WT.s:39     .progmem.data.ssd1306oled_font:0000000000000000 ssd1306oled_font

NO UNDEFINED SYMBOLS
